10:34:42.332 [http-nio-8081-exec-5] TRACE loginSpring.common.LoggingAspect - Going to verify user information. 
10:34:42.444 [http-nio-8081-exec-5] TRACE loginSpring.common.LoggingAspect - The verification function ended. 
10:34:42.444 [http-nio-8081-exec-5] TRACE loginSpring.common.LoggingAspect - Returning: PASS 
10:35:12.091 [http-nio-8081-exec-5] TRACE l.common.LoggingInterceptor -  The start time of the request is: 1479486912091 
10:35:12.131 [http-nio-8081-exec-5] TRACE l.common.LoggingInterceptor -  The request is processing...  
10:35:12.133 [http-nio-8081-exec-5] TRACE l.common.LoggingInterceptor -  The processing time is: 0.04s 
11:09:18.025 [http-nio-8081-exec-9] TRACE loginSpring.common.LoggingAspect - Going to verify user information. 
11:09:18.117 [http-nio-8081-exec-9] TRACE loginSpring.common.LoggingAspect - The verification function ended. 
11:09:18.117 [http-nio-8081-exec-9] TRACE loginSpring.common.LoggingAspect - Returning: PASS 
11:09:27.211 [http-nio-8081-exec-7] TRACE l.common.LoggingInterceptor -  The start time of the request is: 1479488967211 
11:09:27.223 [http-nio-8081-exec-7] TRACE l.common.LoggingInterceptor -  The request is processing...  
11:09:27.223 [http-nio-8081-exec-7] TRACE l.common.LoggingInterceptor -  The processing time is: 0.012s 
11:10:52.822 [http-nio-8081-exec-5] TRACE loginSpring.common.LoggingAspect - Going to verify user information. 
11:10:52.934 [http-nio-8081-exec-5] TRACE loginSpring.common.LoggingAspect - The verification function ended. 
11:10:52.935 [http-nio-8081-exec-5] TRACE loginSpring.common.LoggingAspect - Returning: PASS 
11:11:04.378 [http-nio-8081-exec-7] TRACE l.common.LoggingInterceptor -  The start time of the request is: 1479489064378 
11:11:04.419 [http-nio-8081-exec-7] TRACE l.common.LoggingInterceptor -  The request is processing...  
11:11:04.419 [http-nio-8081-exec-7] TRACE l.common.LoggingInterceptor -  The processing time is: 0.041s 
11:13:11.338 [http-nio-8081-exec-3] TRACE loginSpring.common.LoggingAspect - Going to verify user information. 
11:13:11.343 [http-nio-8081-exec-3] TRACE loginSpring.common.LoggingAspect - The verification function ended. 
11:13:11.343 [http-nio-8081-exec-3] TRACE loginSpring.common.LoggingAspect - Returning: PASS 
11:13:21.658 [http-nio-8081-exec-8] TRACE l.common.LoggingInterceptor -  The start time of the request is: 1479489201658 
11:13:21.665 [http-nio-8081-exec-8] TRACE l.common.LoggingInterceptor -  The request is processing...  
11:13:21.665 [http-nio-8081-exec-8] TRACE l.common.LoggingInterceptor -  The processing time is: 0.007s 
11:13:54.626 [http-nio-8081-exec-3] TRACE l.common.LoggingInterceptor -  The start time of the request is: 1479489234626 
11:13:54.656 [http-nio-8081-exec-3] TRACE l.common.LoggingInterceptor -  The request is processing...  
11:13:54.656 [http-nio-8081-exec-3] TRACE l.common.LoggingInterceptor -  The processing time is: 0.03s 
11:15:04.170 [http-nio-8081-exec-4] TRACE l.common.LoggingInterceptor -  The start time of the request is: 1479489304170 
11:15:04.188 [http-nio-8081-exec-4] TRACE l.common.LoggingInterceptor -  The request is processing...  
11:15:04.189 [http-nio-8081-exec-4] TRACE l.common.LoggingInterceptor -  The processing time is: 0.019s 
11:15:44.139 [http-nio-8081-exec-7] TRACE l.common.LoggingInterceptor -  The start time of the request is: 1479489344139 
11:15:44.168 [http-nio-8081-exec-7] TRACE l.common.LoggingInterceptor -  The request is processing...  
11:15:44.168 [http-nio-8081-exec-7] TRACE l.common.LoggingInterceptor -  The processing time is: 0.029s 
11:16:48.262 [http-nio-8081-exec-9] TRACE loginSpring.common.LoggingAspect - Going to verify user information. 
11:16:48.271 [http-nio-8081-exec-9] TRACE loginSpring.common.LoggingAspect - The verification function ended. 
11:16:48.271 [http-nio-8081-exec-9] TRACE loginSpring.common.LoggingAspect - Returning: PASS 
11:16:48.981 [http-nio-8081-exec-4] TRACE loginSpring.common.LoggingAspect - Going to verify user information. 
11:16:48.988 [http-nio-8081-exec-4] TRACE loginSpring.common.LoggingAspect - The verification function ended. 
11:16:48.989 [http-nio-8081-exec-4] TRACE loginSpring.common.LoggingAspect - Returning: PASS 
11:16:49.290 [http-nio-8081-exec-9] TRACE loginSpring.common.LoggingAspect - Going to verify user information. 
11:16:49.298 [http-nio-8081-exec-9] TRACE loginSpring.common.LoggingAspect - The verification function ended. 
11:16:49.298 [http-nio-8081-exec-9] TRACE loginSpring.common.LoggingAspect - Returning: PASS 
11:16:49.476 [http-nio-8081-exec-4] TRACE loginSpring.common.LoggingAspect - Going to verify user information. 
11:16:49.479 [http-nio-8081-exec-4] TRACE loginSpring.common.LoggingAspect - The verification function ended. 
11:16:49.479 [http-nio-8081-exec-4] TRACE loginSpring.common.LoggingAspect - Returning: PASS 
11:16:49.628 [http-nio-8081-exec-9] TRACE loginSpring.common.LoggingAspect - Going to verify user information. 
11:16:49.632 [http-nio-8081-exec-9] TRACE loginSpring.common.LoggingAspect - The verification function ended. 
11:16:49.632 [http-nio-8081-exec-9] TRACE loginSpring.common.LoggingAspect - Returning: PASS 
11:16:49.793 [http-nio-8081-exec-4] TRACE loginSpring.common.LoggingAspect - Going to verify user information. 
11:16:49.796 [http-nio-8081-exec-4] TRACE loginSpring.common.LoggingAspect - The verification function ended. 
11:16:49.796 [http-nio-8081-exec-4] TRACE loginSpring.common.LoggingAspect - Returning: PASS 
11:16:49.932 [http-nio-8081-exec-9] TRACE loginSpring.common.LoggingAspect - Going to verify user information. 
11:16:49.934 [http-nio-8081-exec-9] TRACE loginSpring.common.LoggingAspect - The verification function ended. 
11:16:49.935 [http-nio-8081-exec-9] TRACE loginSpring.common.LoggingAspect - Returning: PASS 
11:16:50.078 [http-nio-8081-exec-4] TRACE loginSpring.common.LoggingAspect - Going to verify user information. 
11:16:50.083 [http-nio-8081-exec-4] TRACE loginSpring.common.LoggingAspect - The verification function ended. 
11:16:50.083 [http-nio-8081-exec-4] TRACE loginSpring.common.LoggingAspect - Returning: PASS 
11:16:50.226 [http-nio-8081-exec-9] TRACE loginSpring.common.LoggingAspect - Going to verify user information. 
11:16:50.231 [http-nio-8081-exec-9] TRACE loginSpring.common.LoggingAspect - The verification function ended. 
11:16:50.232 [http-nio-8081-exec-9] TRACE loginSpring.common.LoggingAspect - Returning: PASS 
11:16:50.363 [http-nio-8081-exec-4] TRACE loginSpring.common.LoggingAspect - Going to verify user information. 
11:16:50.370 [http-nio-8081-exec-4] TRACE loginSpring.common.LoggingAspect - The verification function ended. 
11:16:50.370 [http-nio-8081-exec-4] TRACE loginSpring.common.LoggingAspect - Returning: PASS 
11:16:52.486 [http-nio-8081-exec-3] TRACE l.common.LoggingInterceptor -  The start time of the request is: 1479489412486 
11:16:52.508 [http-nio-8081-exec-3] TRACE l.common.LoggingInterceptor -  The request is processing...  
11:16:52.508 [http-nio-8081-exec-3] TRACE l.common.LoggingInterceptor -  The processing time is: 0.022s 
11:17:25.596 [http-nio-8081-exec-4] TRACE loginSpring.common.LoggingAspect - Going to verify user information. 
11:17:25.604 [http-nio-8081-exec-4] TRACE loginSpring.common.LoggingAspect - The verification function ended. 
11:17:25.604 [http-nio-8081-exec-4] TRACE loginSpring.common.LoggingAspect - Returning: PASS 
11:17:26.310 [http-nio-8081-exec-9] TRACE loginSpring.common.LoggingAspect - Going to verify user information. 
11:17:26.322 [http-nio-8081-exec-9] TRACE loginSpring.common.LoggingAspect - The verification function ended. 
11:17:26.322 [http-nio-8081-exec-9] TRACE loginSpring.common.LoggingAspect - Returning: PASS 
11:17:26.524 [http-nio-8081-exec-4] TRACE loginSpring.common.LoggingAspect - Going to verify user information. 
11:17:26.529 [http-nio-8081-exec-4] TRACE loginSpring.common.LoggingAspect - The verification function ended. 
11:17:26.531 [http-nio-8081-exec-4] TRACE loginSpring.common.LoggingAspect - Returning: PASS 
11:17:26.688 [http-nio-8081-exec-9] TRACE loginSpring.common.LoggingAspect - Going to verify user information. 
11:17:26.692 [http-nio-8081-exec-9] TRACE loginSpring.common.LoggingAspect - The verification function ended. 
11:17:26.692 [http-nio-8081-exec-9] TRACE loginSpring.common.LoggingAspect - Returning: PASS 
11:17:26.843 [http-nio-8081-exec-4] TRACE loginSpring.common.LoggingAspect - Going to verify user information. 
11:17:26.846 [http-nio-8081-exec-4] TRACE loginSpring.common.LoggingAspect - The verification function ended. 
11:17:26.846 [http-nio-8081-exec-4] TRACE loginSpring.common.LoggingAspect - Returning: PASS 
11:17:27.013 [http-nio-8081-exec-9] TRACE loginSpring.common.LoggingAspect - Going to verify user information. 
11:17:27.018 [http-nio-8081-exec-9] TRACE loginSpring.common.LoggingAspect - The verification function ended. 
11:17:27.019 [http-nio-8081-exec-9] TRACE loginSpring.common.LoggingAspect - Returning: PASS 
11:17:27.172 [http-nio-8081-exec-4] TRACE loginSpring.common.LoggingAspect - Going to verify user information. 
11:17:27.175 [http-nio-8081-exec-4] TRACE loginSpring.common.LoggingAspect - The verification function ended. 
11:17:27.175 [http-nio-8081-exec-4] TRACE loginSpring.common.LoggingAspect - Returning: PASS 
11:17:27.319 [http-nio-8081-exec-9] TRACE loginSpring.common.LoggingAspect - Going to verify user information. 
11:17:27.322 [http-nio-8081-exec-9] TRACE loginSpring.common.LoggingAspect - The verification function ended. 
11:17:27.322 [http-nio-8081-exec-9] TRACE loginSpring.common.LoggingAspect - Returning: PASS 
11:17:27.499 [http-nio-8081-exec-4] TRACE loginSpring.common.LoggingAspect - Going to verify user information. 
11:17:27.503 [http-nio-8081-exec-4] TRACE loginSpring.common.LoggingAspect - The verification function ended. 
11:17:27.503 [http-nio-8081-exec-4] TRACE loginSpring.common.LoggingAspect - Returning: PASS 
11:17:58.573 [http-nio-8081-exec-9] TRACE loginSpring.common.LoggingAspect - Going to verify user information. 
11:17:58.581 [http-nio-8081-exec-9] TRACE loginSpring.common.LoggingAspect - The verification function ended. 
11:17:58.581 [http-nio-8081-exec-9] TRACE loginSpring.common.LoggingAspect - Returning: PASS 
11:17:59.375 [http-nio-8081-exec-4] TRACE loginSpring.common.LoggingAspect - Going to verify user information. 
11:17:59.383 [http-nio-8081-exec-4] TRACE loginSpring.common.LoggingAspect - The verification function ended. 
11:17:59.384 [http-nio-8081-exec-4] TRACE loginSpring.common.LoggingAspect - Returning: PASS 
11:18:01.691 [http-nio-8081-exec-5] TRACE l.common.LoggingInterceptor -  The start time of the request is: 1479489481691 
11:18:01.714 [http-nio-8081-exec-5] TRACE l.common.LoggingInterceptor -  The request is processing...  
11:18:01.714 [http-nio-8081-exec-5] TRACE l.common.LoggingInterceptor -  The processing time is: 0.023s 
11:19:15.833 [http-nio-8081-exec-6] TRACE loginSpring.common.LoggingAspect - Going to verify user information. 
11:19:15.842 [http-nio-8081-exec-6] TRACE loginSpring.common.LoggingAspect - The verification function ended. 
11:19:15.843 [http-nio-8081-exec-6] TRACE loginSpring.common.LoggingAspect - Returning: PASS 
11:19:18.275 [http-nio-8081-exec-5] TRACE l.common.LoggingInterceptor -  The start time of the request is: 1479489558275 
11:19:18.316 [http-nio-8081-exec-5] TRACE l.common.LoggingInterceptor -  The request is processing...  
11:19:18.316 [http-nio-8081-exec-5] TRACE l.common.LoggingInterceptor -  The processing time is: 0.041s 
11:19:48.560 [http-nio-8081-exec-6] TRACE loginSpring.common.LoggingAspect - Going to verify user information. 
11:19:48.564 [http-nio-8081-exec-6] TRACE loginSpring.common.LoggingAspect - The verification function ended. 
11:19:48.564 [http-nio-8081-exec-6] TRACE loginSpring.common.LoggingAspect - Returning: PASS 
11:19:50.940 [http-nio-8081-exec-4] TRACE l.common.LoggingInterceptor -  The start time of the request is: 1479489590940 
11:19:50.950 [http-nio-8081-exec-4] TRACE l.common.LoggingInterceptor -  The request is processing...  
11:19:50.950 [http-nio-8081-exec-4] TRACE l.common.LoggingInterceptor -  The processing time is: 0.01s 
11:21:46.273 [http-nio-8081-exec-6] TRACE loginSpring.common.LoggingAspect - Going to verify user information. 
11:21:46.278 [http-nio-8081-exec-6] TRACE loginSpring.common.LoggingAspect - The verification function ended. 
11:21:46.278 [http-nio-8081-exec-6] TRACE loginSpring.common.LoggingAspect - Returning: PASS 
11:21:48.655 [http-nio-8081-exec-5] TRACE l.common.LoggingInterceptor -  The start time of the request is: 1479489708655 
11:21:48.670 [http-nio-8081-exec-5] TRACE l.common.LoggingInterceptor -  The request is processing...  
11:21:48.670 [http-nio-8081-exec-5] TRACE l.common.LoggingInterceptor -  The processing time is: 0.015s 
11:22:46.950 [http-nio-8081-exec-6] TRACE loginSpring.common.LoggingAspect - Going to verify user information. 
11:22:46.957 [http-nio-8081-exec-6] TRACE loginSpring.common.LoggingAspect - The verification function ended. 
11:22:46.957 [http-nio-8081-exec-6] TRACE loginSpring.common.LoggingAspect - Returning: PASS 
11:23:07.066 [http-nio-8081-exec-10] TRACE loginSpring.common.LoggingAspect - Going to verify user information. 
11:23:07.070 [http-nio-8081-exec-10] TRACE loginSpring.common.LoggingAspect - The verification function ended. 
11:23:07.071 [http-nio-8081-exec-10] TRACE loginSpring.common.LoggingAspect - Returning: PASS 
11:23:09.326 [http-nio-8081-exec-7] TRACE l.common.LoggingInterceptor -  The start time of the request is: 1479489789326 
11:23:09.360 [http-nio-8081-exec-7] TRACE l.common.LoggingInterceptor -  The request is processing...  
11:23:09.360 [http-nio-8081-exec-7] TRACE l.common.LoggingInterceptor -  The processing time is: 0.034s 
11:23:35.645 [http-nio-8081-exec-6] TRACE l.common.LoggingInterceptor -  The start time of the request is: 1479489815645 
11:23:35.691 [http-nio-8081-exec-6] TRACE l.common.LoggingInterceptor -  The request is processing...  
11:23:35.691 [http-nio-8081-exec-6] TRACE l.common.LoggingInterceptor -  The processing time is: 0.046s 
11:23:49.454 [http-nio-8081-exec-8] TRACE loginSpring.common.LoggingAspect - Going to verify user information. 
11:23:49.465 [http-nio-8081-exec-8] TRACE loginSpring.common.LoggingAspect - The verification function ended. 
11:23:49.465 [http-nio-8081-exec-8] TRACE loginSpring.common.LoggingAspect - Returning: PASS 
11:24:04.438 [http-nio-8081-exec-7] TRACE l.common.LoggingInterceptor -  The start time of the request is: 1479489844438 
11:24:04.474 [http-nio-8081-exec-7] TRACE l.common.LoggingInterceptor -  The request is processing...  
11:24:04.474 [http-nio-8081-exec-7] TRACE l.common.LoggingInterceptor -  The processing time is: 0.036s 
11:24:46.149 [http-nio-8081-exec-3] TRACE loginSpring.common.LoggingAspect - Going to verify user information. 
11:24:46.155 [http-nio-8081-exec-3] TRACE loginSpring.common.LoggingAspect - The verification function ended. 
11:24:46.158 [http-nio-8081-exec-3] TRACE loginSpring.common.LoggingAspect - Returning: PASS 
11:24:49.829 [http-nio-8081-exec-3] TRACE l.common.LoggingInterceptor -  The start time of the request is: 1479489889829 
11:24:49.847 [http-nio-8081-exec-3] TRACE l.common.LoggingInterceptor -  The request is processing...  
11:24:49.847 [http-nio-8081-exec-3] TRACE l.common.LoggingInterceptor -  The processing time is: 0.018s 
11:25:54.053 [http-nio-8081-exec-9] TRACE loginSpring.common.LoggingAspect - Going to verify user information. 
11:25:54.059 [http-nio-8081-exec-9] TRACE loginSpring.common.LoggingAspect - The verification function ended. 
11:25:54.059 [http-nio-8081-exec-9] TRACE loginSpring.common.LoggingAspect - Returning: PASS 
11:25:56.505 [http-nio-8081-exec-3] TRACE l.common.LoggingInterceptor -  The start time of the request is: 1479489956505 
11:25:56.517 [http-nio-8081-exec-3] TRACE l.common.LoggingInterceptor -  The request is processing...  
11:25:56.518 [http-nio-8081-exec-3] TRACE l.common.LoggingInterceptor -  The processing time is: 0.013s 
11:27:39.630 [http-nio-8081-exec-2] TRACE loginSpring.common.LoggingAspect - Going to verify user information. 
11:27:39.639 [http-nio-8081-exec-2] TRACE loginSpring.common.LoggingAspect - The verification function ended. 
11:27:39.639 [http-nio-8081-exec-2] TRACE loginSpring.common.LoggingAspect - Returning: PASS 
11:27:45.711 [http-nio-8081-exec-9] TRACE l.common.LoggingInterceptor -  The start time of the request is: 1479490065711 
11:27:45.724 [http-nio-8081-exec-9] TRACE l.common.LoggingInterceptor -  The request is processing...  
11:27:45.724 [http-nio-8081-exec-9] TRACE l.common.LoggingInterceptor -  The processing time is: 0.013s 
11:30:53.035 [http-nio-8081-exec-2] TRACE l.common.LoggingInterceptor -  The start time of the request is: 1479490253035 
11:30:53.058 [http-nio-8081-exec-2] TRACE l.common.LoggingInterceptor -  The request is processing...  
11:30:53.058 [http-nio-8081-exec-2] TRACE l.common.LoggingInterceptor -  The processing time is: 0.023s 
11:31:02.758 [http-nio-8081-exec-7] TRACE l.common.LoggingInterceptor -  The start time of the request is: 1479490262758 
11:31:02.774 [http-nio-8081-exec-7] TRACE l.common.LoggingInterceptor -  The request is processing...  
11:31:02.774 [http-nio-8081-exec-7] TRACE l.common.LoggingInterceptor -  The processing time is: 0.016s 
11:31:02.954 [http-nio-8081-exec-3] TRACE l.common.LoggingInterceptor -  The start time of the request is: 1479490262954 
11:31:02.969 [http-nio-8081-exec-3] TRACE l.common.LoggingInterceptor -  The request is processing...  
11:31:02.969 [http-nio-8081-exec-3] TRACE l.common.LoggingInterceptor -  The processing time is: 0.015s 
11:31:03.140 [http-nio-8081-exec-6] TRACE l.common.LoggingInterceptor -  The start time of the request is: 1479490263140 
11:31:03.154 [http-nio-8081-exec-6] TRACE l.common.LoggingInterceptor -  The request is processing...  
11:31:03.155 [http-nio-8081-exec-6] TRACE l.common.LoggingInterceptor -  The processing time is: 0.015s 
11:31:03.317 [http-nio-8081-exec-10] TRACE l.common.LoggingInterceptor -  The start time of the request is: 1479490263317 
11:31:03.325 [http-nio-8081-exec-10] TRACE l.common.LoggingInterceptor -  The request is processing...  
11:31:03.325 [http-nio-8081-exec-10] TRACE l.common.LoggingInterceptor -  The processing time is: 0.008s 
11:31:03.492 [http-nio-8081-exec-9] TRACE l.common.LoggingInterceptor -  The start time of the request is: 1479490263492 
11:31:03.505 [http-nio-8081-exec-9] TRACE l.common.LoggingInterceptor -  The request is processing...  
11:31:03.505 [http-nio-8081-exec-9] TRACE l.common.LoggingInterceptor -  The processing time is: 0.013s 
11:31:03.687 [http-nio-8081-exec-8] TRACE l.common.LoggingInterceptor -  The start time of the request is: 1479490263687 
11:31:03.698 [http-nio-8081-exec-8] TRACE l.common.LoggingInterceptor -  The request is processing...  
11:31:03.698 [http-nio-8081-exec-8] TRACE l.common.LoggingInterceptor -  The processing time is: 0.011s 
11:31:03.870 [http-nio-8081-exec-1] TRACE l.common.LoggingInterceptor -  The start time of the request is: 1479490263870 
11:31:03.877 [http-nio-8081-exec-1] TRACE l.common.LoggingInterceptor -  The request is processing...  
11:31:03.877 [http-nio-8081-exec-1] TRACE l.common.LoggingInterceptor -  The processing time is: 0.007s 
11:31:04.035 [http-nio-8081-exec-4] TRACE l.common.LoggingInterceptor -  The start time of the request is: 1479490264035 
11:31:04.040 [http-nio-8081-exec-4] TRACE l.common.LoggingInterceptor -  The request is processing...  
11:31:04.040 [http-nio-8081-exec-4] TRACE l.common.LoggingInterceptor -  The processing time is: 0.005s 
11:31:04.233 [http-nio-8081-exec-8] TRACE l.common.LoggingInterceptor -  The start time of the request is: 1479490264233 
11:31:04.248 [http-nio-8081-exec-8] TRACE l.common.LoggingInterceptor -  The request is processing...  
11:31:04.248 [http-nio-8081-exec-8] TRACE l.common.LoggingInterceptor -  The processing time is: 0.015s 
11:31:04.406 [http-nio-8081-exec-2] TRACE l.common.LoggingInterceptor -  The start time of the request is: 1479490264406 
11:31:04.421 [http-nio-8081-exec-2] TRACE l.common.LoggingInterceptor -  The request is processing...  
11:31:04.421 [http-nio-8081-exec-2] TRACE l.common.LoggingInterceptor -  The processing time is: 0.015s 
11:31:04.602 [http-nio-8081-exec-7] TRACE l.common.LoggingInterceptor -  The start time of the request is: 1479490264602 
11:31:04.612 [http-nio-8081-exec-7] TRACE l.common.LoggingInterceptor -  The request is processing...  
11:31:04.613 [http-nio-8081-exec-7] TRACE l.common.LoggingInterceptor -  The processing time is: 0.011s 
11:31:04.775 [http-nio-8081-exec-3] TRACE l.common.LoggingInterceptor -  The start time of the request is: 1479490264775 
11:31:04.788 [http-nio-8081-exec-3] TRACE l.common.LoggingInterceptor -  The request is processing...  
11:31:04.788 [http-nio-8081-exec-3] TRACE l.common.LoggingInterceptor -  The processing time is: 0.013s 
11:31:04.969 [http-nio-8081-exec-6] TRACE l.common.LoggingInterceptor -  The start time of the request is: 1479490264969 
11:31:04.978 [http-nio-8081-exec-6] TRACE l.common.LoggingInterceptor -  The request is processing...  
11:31:04.978 [http-nio-8081-exec-6] TRACE l.common.LoggingInterceptor -  The processing time is: 0.009s 
11:31:05.171 [http-nio-8081-exec-10] TRACE l.common.LoggingInterceptor -  The start time of the request is: 1479490265171 
11:31:05.205 [http-nio-8081-exec-10] TRACE l.common.LoggingInterceptor -  The request is processing...  
11:31:05.205 [http-nio-8081-exec-10] TRACE l.common.LoggingInterceptor -  The processing time is: 0.034s 
11:31:05.330 [http-nio-8081-exec-9] TRACE l.common.LoggingInterceptor -  The start time of the request is: 1479490265330 
11:31:05.339 [http-nio-8081-exec-9] TRACE l.common.LoggingInterceptor -  The request is processing...  
11:31:05.339 [http-nio-8081-exec-9] TRACE l.common.LoggingInterceptor -  The processing time is: 0.009s 
11:31:05.500 [http-nio-8081-exec-5] TRACE l.common.LoggingInterceptor -  The start time of the request is: 1479490265500 
11:31:05.512 [http-nio-8081-exec-5] TRACE l.common.LoggingInterceptor -  The request is processing...  
11:31:05.512 [http-nio-8081-exec-5] TRACE l.common.LoggingInterceptor -  The processing time is: 0.012s 
11:31:05.697 [http-nio-8081-exec-3] TRACE l.common.LoggingInterceptor -  The start time of the request is: 1479490265697 
11:31:05.709 [http-nio-8081-exec-3] TRACE l.common.LoggingInterceptor -  The request is processing...  
11:31:05.709 [http-nio-8081-exec-3] TRACE l.common.LoggingInterceptor -  The processing time is: 0.012s 
11:31:05.886 [http-nio-8081-exec-4] TRACE l.common.LoggingInterceptor -  The start time of the request is: 1479490265886 
11:31:05.892 [http-nio-8081-exec-4] TRACE l.common.LoggingInterceptor -  The request is processing...  
11:31:05.892 [http-nio-8081-exec-4] TRACE l.common.LoggingInterceptor -  The processing time is: 0.006s 
11:31:06.075 [http-nio-8081-exec-8] TRACE l.common.LoggingInterceptor -  The start time of the request is: 1479490266075 
11:31:06.083 [http-nio-8081-exec-8] TRACE l.common.LoggingInterceptor -  The request is processing...  
11:31:06.083 [http-nio-8081-exec-8] TRACE l.common.LoggingInterceptor -  The processing time is: 0.008s 
11:31:06.252 [http-nio-8081-exec-3] TRACE l.common.LoggingInterceptor -  The start time of the request is: 1479490266252 
11:31:06.263 [http-nio-8081-exec-3] TRACE l.common.LoggingInterceptor -  The request is processing...  
11:31:06.263 [http-nio-8081-exec-3] TRACE l.common.LoggingInterceptor -  The processing time is: 0.011s 
11:31:06.422 [http-nio-8081-exec-4] TRACE l.common.LoggingInterceptor -  The start time of the request is: 1479490266422 
11:31:06.433 [http-nio-8081-exec-4] TRACE l.common.LoggingInterceptor -  The request is processing...  
11:31:06.434 [http-nio-8081-exec-4] TRACE l.common.LoggingInterceptor -  The processing time is: 0.012s 
11:31:06.624 [http-nio-8081-exec-10] TRACE l.common.LoggingInterceptor -  The start time of the request is: 1479490266624 
11:31:06.634 [http-nio-8081-exec-10] TRACE l.common.LoggingInterceptor -  The request is processing...  
11:31:06.635 [http-nio-8081-exec-10] TRACE l.common.LoggingInterceptor -  The processing time is: 0.011s 
11:31:06.801 [http-nio-8081-exec-3] TRACE l.common.LoggingInterceptor -  The start time of the request is: 1479490266801 
11:31:06.828 [http-nio-8081-exec-3] TRACE l.common.LoggingInterceptor -  The request is processing...  
11:31:06.828 [http-nio-8081-exec-3] TRACE l.common.LoggingInterceptor -  The processing time is: 0.027s 
11:31:07.416 [http-nio-8081-exec-8] TRACE l.common.LoggingInterceptor -  The start time of the request is: 1479490267416 
11:31:07.421 [http-nio-8081-exec-8] TRACE l.common.LoggingInterceptor -  The request is processing...  
11:31:07.421 [http-nio-8081-exec-8] TRACE l.common.LoggingInterceptor -  The processing time is: 0.005s 
11:31:07.598 [http-nio-8081-exec-2] TRACE l.common.LoggingInterceptor -  The start time of the request is: 1479490267598 
11:31:07.608 [http-nio-8081-exec-2] TRACE l.common.LoggingInterceptor -  The request is processing...  
11:31:07.608 [http-nio-8081-exec-2] TRACE l.common.LoggingInterceptor -  The processing time is: 0.01s 
11:31:07.799 [http-nio-8081-exec-5] TRACE l.common.LoggingInterceptor -  The start time of the request is: 1479490267799 
11:31:07.808 [http-nio-8081-exec-5] TRACE l.common.LoggingInterceptor -  The request is processing...  
11:31:07.808 [http-nio-8081-exec-5] TRACE l.common.LoggingInterceptor -  The processing time is: 0.009s 
11:31:19.015 [http-nio-8081-exec-7] TRACE l.common.LoggingInterceptor -  The start time of the request is: 1479490279015 
11:31:19.029 [http-nio-8081-exec-7] TRACE l.common.LoggingInterceptor -  The request is processing...  
11:31:19.029 [http-nio-8081-exec-7] TRACE l.common.LoggingInterceptor -  The processing time is: 0.014s 
11:31:19.194 [http-nio-8081-exec-2] TRACE l.common.LoggingInterceptor -  The start time of the request is: 1479490279194 
11:31:19.209 [http-nio-8081-exec-2] TRACE l.common.LoggingInterceptor -  The request is processing...  
11:31:19.209 [http-nio-8081-exec-2] TRACE l.common.LoggingInterceptor -  The processing time is: 0.015s 
11:31:19.397 [http-nio-8081-exec-4] TRACE l.common.LoggingInterceptor -  The start time of the request is: 1479490279397 
11:31:19.405 [http-nio-8081-exec-4] TRACE l.common.LoggingInterceptor -  The request is processing...  
11:31:19.406 [http-nio-8081-exec-4] TRACE l.common.LoggingInterceptor -  The processing time is: 0.009s 
11:31:19.591 [http-nio-8081-exec-7] TRACE l.common.LoggingInterceptor -  The start time of the request is: 1479490279591 
11:31:19.617 [http-nio-8081-exec-7] TRACE l.common.LoggingInterceptor -  The request is processing...  
11:31:19.618 [http-nio-8081-exec-7] TRACE l.common.LoggingInterceptor -  The processing time is: 0.027s 
11:31:19.771 [http-nio-8081-exec-5] TRACE l.common.LoggingInterceptor -  The start time of the request is: 1479490279771 
11:31:19.784 [http-nio-8081-exec-5] TRACE l.common.LoggingInterceptor -  The request is processing...  
11:31:19.785 [http-nio-8081-exec-5] TRACE l.common.LoggingInterceptor -  The processing time is: 0.014s 
11:31:19.976 [http-nio-8081-exec-1] TRACE l.common.LoggingInterceptor -  The start time of the request is: 1479490279976 
11:31:19.985 [http-nio-8081-exec-1] TRACE l.common.LoggingInterceptor -  The request is processing...  
11:31:19.985 [http-nio-8081-exec-1] TRACE l.common.LoggingInterceptor -  The processing time is: 0.009s 
11:31:20.169 [http-nio-8081-exec-7] TRACE l.common.LoggingInterceptor -  The start time of the request is: 1479490280169 
11:31:20.177 [http-nio-8081-exec-7] TRACE l.common.LoggingInterceptor -  The request is processing...  
11:31:20.177 [http-nio-8081-exec-7] TRACE l.common.LoggingInterceptor -  The processing time is: 0.008s 
11:31:20.354 [http-nio-8081-exec-8] TRACE l.common.LoggingInterceptor -  The start time of the request is: 1479490280354 
11:31:20.361 [http-nio-8081-exec-8] TRACE l.common.LoggingInterceptor -  The request is processing...  
11:31:20.361 [http-nio-8081-exec-8] TRACE l.common.LoggingInterceptor -  The processing time is: 0.007s 
11:31:20.517 [http-nio-8081-exec-9] TRACE l.common.LoggingInterceptor -  The start time of the request is: 1479490280517 
11:31:20.523 [http-nio-8081-exec-9] TRACE l.common.LoggingInterceptor -  The request is processing...  
11:31:20.523 [http-nio-8081-exec-9] TRACE l.common.LoggingInterceptor -  The processing time is: 0.006s 
11:31:20.713 [http-nio-8081-exec-3] TRACE l.common.LoggingInterceptor -  The start time of the request is: 1479490280713 
11:31:20.720 [http-nio-8081-exec-3] TRACE l.common.LoggingInterceptor -  The request is processing...  
11:31:20.720 [http-nio-8081-exec-3] TRACE l.common.LoggingInterceptor -  The processing time is: 0.007s 
11:31:20.914 [http-nio-8081-exec-10] TRACE l.common.LoggingInterceptor -  The start time of the request is: 1479490280914 
11:31:20.940 [http-nio-8081-exec-10] TRACE l.common.LoggingInterceptor -  The request is processing...  
11:31:20.941 [http-nio-8081-exec-10] TRACE l.common.LoggingInterceptor -  The processing time is: 0.027s 
11:31:21.091 [http-nio-8081-exec-7] TRACE l.common.LoggingInterceptor -  The start time of the request is: 1479490281091 
11:31:21.097 [http-nio-8081-exec-7] TRACE l.common.LoggingInterceptor -  The request is processing...  
11:31:21.097 [http-nio-8081-exec-7] TRACE l.common.LoggingInterceptor -  The processing time is: 0.006s 
11:31:21.302 [http-nio-8081-exec-4] TRACE l.common.LoggingInterceptor -  The start time of the request is: 1479490281302 
11:31:21.312 [http-nio-8081-exec-4] TRACE l.common.LoggingInterceptor -  The request is processing...  
11:31:21.312 [http-nio-8081-exec-4] TRACE l.common.LoggingInterceptor -  The processing time is: 0.01s 
11:31:21.657 [http-nio-8081-exec-6] TRACE l.common.LoggingInterceptor -  The start time of the request is: 1479490281657 
11:31:21.668 [http-nio-8081-exec-6] TRACE l.common.LoggingInterceptor -  The request is processing...  
11:31:21.668 [http-nio-8081-exec-6] TRACE l.common.LoggingInterceptor -  The processing time is: 0.011s 
11:31:21.881 [http-nio-8081-exec-5] TRACE l.common.LoggingInterceptor -  The start time of the request is: 1479490281881 
11:31:21.900 [http-nio-8081-exec-5] TRACE l.common.LoggingInterceptor -  The request is processing...  
11:31:21.900 [http-nio-8081-exec-5] TRACE l.common.LoggingInterceptor -  The processing time is: 0.019s 
11:31:22.056 [http-nio-8081-exec-1] TRACE l.common.LoggingInterceptor -  The start time of the request is: 1479490282056 
11:31:22.076 [http-nio-8081-exec-1] TRACE l.common.LoggingInterceptor -  The request is processing...  
11:31:22.076 [http-nio-8081-exec-1] TRACE l.common.LoggingInterceptor -  The processing time is: 0.02s 
11:31:22.246 [http-nio-8081-exec-7] TRACE l.common.LoggingInterceptor -  The start time of the request is: 1479490282246 
11:31:22.260 [http-nio-8081-exec-7] TRACE l.common.LoggingInterceptor -  The request is processing...  
11:31:22.260 [http-nio-8081-exec-7] TRACE l.common.LoggingInterceptor -  The processing time is: 0.014s 
11:31:22.431 [http-nio-8081-exec-8] TRACE l.common.LoggingInterceptor -  The start time of the request is: 1479490282431 
11:31:22.442 [http-nio-8081-exec-8] TRACE l.common.LoggingInterceptor -  The request is processing...  
11:31:22.442 [http-nio-8081-exec-8] TRACE l.common.LoggingInterceptor -  The processing time is: 0.011s 
11:31:22.622 [http-nio-8081-exec-9] TRACE l.common.LoggingInterceptor -  The start time of the request is: 1479490282622 
11:31:22.629 [http-nio-8081-exec-9] TRACE l.common.LoggingInterceptor -  The request is processing...  
11:31:22.629 [http-nio-8081-exec-9] TRACE l.common.LoggingInterceptor -  The processing time is: 0.007s 
11:31:22.831 [http-nio-8081-exec-3] TRACE l.common.LoggingInterceptor -  The start time of the request is: 1479490282831 
11:31:22.842 [http-nio-8081-exec-3] TRACE l.common.LoggingInterceptor -  The request is processing...  
11:31:22.844 [http-nio-8081-exec-3] TRACE l.common.LoggingInterceptor -  The processing time is: 0.012s 
11:31:23.022 [http-nio-8081-exec-1] TRACE l.common.LoggingInterceptor -  The start time of the request is: 1479490283022 
11:31:23.030 [http-nio-8081-exec-1] TRACE l.common.LoggingInterceptor -  The request is processing...  
11:31:23.030 [http-nio-8081-exec-1] TRACE l.common.LoggingInterceptor -  The processing time is: 0.008s 
11:31:23.186 [http-nio-8081-exec-2] TRACE l.common.LoggingInterceptor -  The start time of the request is: 1479490283186 
11:31:23.193 [http-nio-8081-exec-2] TRACE l.common.LoggingInterceptor -  The request is processing...  
11:31:23.193 [http-nio-8081-exec-2] TRACE l.common.LoggingInterceptor -  The processing time is: 0.007s 
11:31:23.366 [http-nio-8081-exec-4] TRACE l.common.LoggingInterceptor -  The start time of the request is: 1479490283366 
11:31:23.377 [http-nio-8081-exec-4] TRACE l.common.LoggingInterceptor -  The request is processing...  
11:31:23.378 [http-nio-8081-exec-4] TRACE l.common.LoggingInterceptor -  The processing time is: 0.012s 
11:31:23.553 [http-nio-8081-exec-6] TRACE l.common.LoggingInterceptor -  The start time of the request is: 1479490283553 
11:31:23.563 [http-nio-8081-exec-6] TRACE l.common.LoggingInterceptor -  The request is processing...  
11:31:23.563 [http-nio-8081-exec-6] TRACE l.common.LoggingInterceptor -  The processing time is: 0.01s 
11:31:23.733 [http-nio-8081-exec-3] TRACE l.common.LoggingInterceptor -  The start time of the request is: 1479490283733 
11:31:23.740 [http-nio-8081-exec-3] TRACE l.common.LoggingInterceptor -  The request is processing...  
11:31:23.740 [http-nio-8081-exec-3] TRACE l.common.LoggingInterceptor -  The processing time is: 0.007s 
11:31:23.929 [http-nio-8081-exec-10] TRACE l.common.LoggingInterceptor -  The start time of the request is: 1479490283929 
11:31:23.954 [http-nio-8081-exec-10] TRACE l.common.LoggingInterceptor -  The request is processing...  
11:31:23.954 [http-nio-8081-exec-10] TRACE l.common.LoggingInterceptor -  The processing time is: 0.025s 
11:31:24.120 [http-nio-8081-exec-7] TRACE l.common.LoggingInterceptor -  The start time of the request is: 1479490284120 
11:31:24.126 [http-nio-8081-exec-7] TRACE l.common.LoggingInterceptor -  The request is processing...  
11:31:24.126 [http-nio-8081-exec-7] TRACE l.common.LoggingInterceptor -  The processing time is: 0.006s 
11:31:24.322 [http-nio-8081-exec-8] TRACE l.common.LoggingInterceptor -  The start time of the request is: 1479490284322 
11:31:24.330 [http-nio-8081-exec-8] TRACE l.common.LoggingInterceptor -  The request is processing...  
11:31:24.331 [http-nio-8081-exec-8] TRACE l.common.LoggingInterceptor -  The processing time is: 0.009s 
11:31:24.517 [http-nio-8081-exec-9] TRACE l.common.LoggingInterceptor -  The start time of the request is: 1479490284517 
11:31:24.550 [http-nio-8081-exec-9] TRACE l.common.LoggingInterceptor -  The request is processing...  
11:31:24.550 [http-nio-8081-exec-9] TRACE l.common.LoggingInterceptor -  The processing time is: 0.033s 
11:31:24.711 [http-nio-8081-exec-5] TRACE l.common.LoggingInterceptor -  The start time of the request is: 1479490284711 
11:31:24.724 [http-nio-8081-exec-5] TRACE l.common.LoggingInterceptor -  The request is processing...  
11:31:24.724 [http-nio-8081-exec-5] TRACE l.common.LoggingInterceptor -  The processing time is: 0.013s 
11:31:24.910 [http-nio-8081-exec-1] TRACE l.common.LoggingInterceptor -  The start time of the request is: 1479490284910 
11:31:24.917 [http-nio-8081-exec-1] TRACE l.common.LoggingInterceptor -  The request is processing...  
11:31:24.918 [http-nio-8081-exec-1] TRACE l.common.LoggingInterceptor -  The processing time is: 0.008s 
11:31:25.100 [http-nio-8081-exec-7] TRACE l.common.LoggingInterceptor -  The start time of the request is: 1479490285100 
11:31:25.105 [http-nio-8081-exec-7] TRACE l.common.LoggingInterceptor -  The request is processing...  
11:31:25.105 [http-nio-8081-exec-7] TRACE l.common.LoggingInterceptor -  The processing time is: 0.005s 
11:31:25.314 [http-nio-8081-exec-4] TRACE l.common.LoggingInterceptor -  The start time of the request is: 1479490285314 
11:31:25.323 [http-nio-8081-exec-4] TRACE l.common.LoggingInterceptor -  The request is processing...  
11:31:25.323 [http-nio-8081-exec-4] TRACE l.common.LoggingInterceptor -  The processing time is: 0.009s 
11:31:25.495 [http-nio-8081-exec-6] TRACE l.common.LoggingInterceptor -  The start time of the request is: 1479490285495 
11:31:25.504 [http-nio-8081-exec-6] TRACE l.common.LoggingInterceptor -  The request is processing...  
11:31:25.504 [http-nio-8081-exec-6] TRACE l.common.LoggingInterceptor -  The processing time is: 0.009s 
11:31:25.688 [http-nio-8081-exec-3] TRACE l.common.LoggingInterceptor -  The start time of the request is: 1479490285688 
11:31:25.696 [http-nio-8081-exec-3] TRACE l.common.LoggingInterceptor -  The request is processing...  
11:31:25.696 [http-nio-8081-exec-3] TRACE l.common.LoggingInterceptor -  The processing time is: 0.008s 
11:31:25.890 [http-nio-8081-exec-10] TRACE l.common.LoggingInterceptor -  The start time of the request is: 1479490285890 
11:31:25.901 [http-nio-8081-exec-10] TRACE l.common.LoggingInterceptor -  The request is processing...  
11:31:25.901 [http-nio-8081-exec-10] TRACE l.common.LoggingInterceptor -  The processing time is: 0.011s 
11:31:26.092 [http-nio-8081-exec-7] TRACE l.common.LoggingInterceptor -  The start time of the request is: 1479490286092 
11:31:26.102 [http-nio-8081-exec-7] TRACE l.common.LoggingInterceptor -  The request is processing...  
11:31:26.102 [http-nio-8081-exec-7] TRACE l.common.LoggingInterceptor -  The processing time is: 0.01s 
11:31:26.285 [http-nio-8081-exec-8] TRACE l.common.LoggingInterceptor -  The start time of the request is: 1479490286285 
11:31:26.300 [http-nio-8081-exec-8] TRACE l.common.LoggingInterceptor -  The request is processing...  
11:31:26.300 [http-nio-8081-exec-8] TRACE l.common.LoggingInterceptor -  The processing time is: 0.015s 
11:31:26.472 [http-nio-8081-exec-9] TRACE l.common.LoggingInterceptor -  The start time of the request is: 1479490286472 
11:31:26.484 [http-nio-8081-exec-9] TRACE l.common.LoggingInterceptor -  The request is processing...  
11:31:26.484 [http-nio-8081-exec-9] TRACE l.common.LoggingInterceptor -  The processing time is: 0.012s 
11:31:26.704 [http-nio-8081-exec-5] TRACE l.common.LoggingInterceptor -  The start time of the request is: 1479490286704 
11:31:26.714 [http-nio-8081-exec-5] TRACE l.common.LoggingInterceptor -  The request is processing...  
11:31:26.714 [http-nio-8081-exec-5] TRACE l.common.LoggingInterceptor -  The processing time is: 0.01s 
11:31:26.865 [http-nio-8081-exec-1] TRACE l.common.LoggingInterceptor -  The start time of the request is: 1479490286865 
11:31:26.875 [http-nio-8081-exec-1] TRACE l.common.LoggingInterceptor -  The request is processing...  
11:31:26.875 [http-nio-8081-exec-1] TRACE l.common.LoggingInterceptor -  The processing time is: 0.01s 
11:31:27.061 [http-nio-8081-exec-2] TRACE l.common.LoggingInterceptor -  The start time of the request is: 1479490287061 
11:31:27.090 [http-nio-8081-exec-2] TRACE l.common.LoggingInterceptor -  The request is processing...  
11:31:27.090 [http-nio-8081-exec-2] TRACE l.common.LoggingInterceptor -  The processing time is: 0.029s 
11:31:27.235 [http-nio-8081-exec-4] TRACE l.common.LoggingInterceptor -  The start time of the request is: 1479490287235 
11:31:27.243 [http-nio-8081-exec-4] TRACE l.common.LoggingInterceptor -  The request is processing...  
11:31:27.243 [http-nio-8081-exec-4] TRACE l.common.LoggingInterceptor -  The processing time is: 0.008s 
